#
# A fatal error has been detected by the Java Runtime Environment:
#
#  EXCEPTION_ACCESS_VIOLATION (0xc0000005) at pc=0x0000000068b13339, pid=220, tid=7908
#
# JRE version: Java(TM) SE Runtime Environment (8.0_45-b14) (build 1.8.0_45-b14)
# Java VM: Java HotSpot(TM) 64-Bit Server VM (25.45-b02 mixed mode windows-amd64 compressed oops)
# Problematic frame:
# V  [jvm.dll+0x143339]
#
# Failed to write core dump. Minidumps are not enabled by default on client versions of Windows
#
# If you would like to submit a bug report, please visit:
#   http://bugreport.java.com/bugreport/crash.jsp
#

---------------  T H R E A D  ---------------

Current thread (0x0000000002a9e000):  JavaThread "main" [_thread_in_vm, id=7908, stack(0x0000000000ee0000,0x0000000000fe0000)]

siginfo: ExceptionCode=0xc0000005, reading address 0x0000000000000000

Registers:
RAX=0x0000000000000000, RBX=0x0000000002a9e000, RCX=0x0000000000000e00, RDX=0x0000000000000000
RSP=0x0000000000fdf330, RBP=0x0000000002a9e1f8, RSI=0x0000000017610080, RDI=0x0000000000000000
R8 =0x0000000000000630, R9 =0x0000000017610000, R10=0x00007fffc2d05f30, R11=0x0000000000000000
R12=0x0000000000000000, R13=0x0000000000000000, R14=0x00000000000000fc, R15=0x0000000002a9e000
RIP=0x0000000068b13339, EFLAGS=0x0000000000010202

Top of Stack: (sp=0x0000000000fdf330)
0x0000000000fdf330:   0000000002a9e000 0000000002a98480
0x0000000000fdf340:   0000000014d8eae8 0000000000fdf4f0
0x0000000000fdf350:   00000000eb023340 00007fffb9fd1cee
0x0000000000fdf360:   0000000014d8eae8 0000000002a9eb40
0x0000000000fdf370:   00000000000003d8 0000000002a9eb50
0x0000000000fdf380:   0000000014d8eae8 0000000002a9e000
0x0000000000fdf390:   0000000014d8eae8 0000000002a9e000
0x0000000000fdf3a0:   00000000eb023340 0000000002ab5cc6
0x0000000000fdf3b0:   000000000000061a 0000000002a9e000
0x0000000000fdf3c0:   0000000000fdf4f0 0000000014d8eae8
0x0000000000fdf3d0:   0000000000200020 0000000002ab5e34
0x0000000000fdf3e0:   0000000014d8eae8 00000000eb023340
0x0000000000fdf3f0:   0000000000000000 0000000000fdf490
0x0000000000fdf400:   0000000000000144 00000000000001f4
0x0000000000fdf410:   0000000000000003 000000000033feff
0x0000000000fdf420:   00000000001b0001 0000000000fdf4b0 

Instructions: (pc=0x0000000068b13339)
0x0000000068b13319:   a9 00 00 00 30 74 08 48 8b cb e8 a8 ad 0f 00 c7
0x0000000068b13329:   83 70 02 00 00 06 00 00 00 80 3d a8 69 6b 00 00
0x0000000068b13339:   48 8b 0f b8 10 00 00 00 ba 0c 00 00 00 0f 45 c2
0x0000000068b13349:   48 98 8b 3c 08 c7 83 70 02 00 00 07 00 00 00 83 


Register to memory mapping:

RAX=0x0000000000000000 is an unknown value
RBX=0x0000000002a9e000 is a thread
RCX=0x0000000000000e00 is an unknown value
RDX=0x0000000000000000 is an unknown value
RSP=0x0000000000fdf330 is pointing into the stack for thread: 0x0000000002a9e000
RBP=0x0000000002a9e1f8 is an unknown value
RSI=0x0000000017610080 is an unknown value
RDI=0x0000000000000000 is an unknown value
R8 =0x0000000000000630 is an unknown value
R9 =0x0000000017610000 is an unknown value
R10=0x00007fffc2d05f30 is an unknown value
R11=0x0000000000000000 is an unknown value
R12=0x0000000000000000 is an unknown value
R13=0x0000000000000000 is an unknown value
R14=0x00000000000000fc is an unknown value
R15=0x0000000002a9e000 is a thread


Stack: [0x0000000000ee0000,0x0000000000fe0000],  sp=0x0000000000fdf330,  free space=1020k
Native frames: (J=compiled Java code, j=interpreted, Vv=VM code, C=native code)
V  [jvm.dll+0x143339]
C  [dpuareu_jni.dll+0x1cee]
C  0x0000000002ab5e34

Java frames: (J=compiled Java code, j=interpreted, Vv=VM code)
j  com.digitalpersona.uareu.jni.Dpfj.DpfjCreateFmdFromRaw([BIIIIIILcom/digitalpersona/uareu/dpfj/FmdImpl;)I+0
j  com.digitalpersona.uareu.jni.Dpfj.create_fmd_from_raw([BIIIIILcom/digitalpersona/uareu/Fmd$Format;)Lcom/digitalpersona/uareu/Fmd;+33
j  com.digitalpersona.uareu.dpfj.EngineImpl.CreateFmd([BIIIIILcom/digitalpersona/uareu/Fmd$Format;)Lcom/digitalpersona/uareu/Fmd;+15
j  finger.Try.main([Ljava/lang/String;)V+1160
v  ~StubRoutines::call_stub

---------------  P R O C E S S  ---------------

Java Threads: ( => current thread )
  0x0000000017bdf000 JavaThread "AWT-EventQueue-0" [_thread_blocked, id=9540, stack(0x00000000189b0000,0x0000000018ab0000)]
  0x0000000017a64000 JavaThread "AWT-Windows" daemon [_thread_in_native, id=6648, stack(0x00000000187f0000,0x00000000188f0000)]
  0x0000000017a63800 JavaThread "AWT-Shutdown" [_thread_blocked, id=6560, stack(0x00000000186f0000,0x00000000187f0000)]
  0x0000000017a33000 JavaThread "Java2D Disposer" daemon [_thread_blocked, id=6644, stack(0x00000000185f0000,0x00000000186f0000)]
  0x0000000016bd7000 JavaThread "mysql-cj-abandoned-connection-cleanup" daemon [_thread_blocked, id=5756, stack(0x0000000018210000,0x0000000018310000)]
  0x0000000014fdd800 JavaThread "Service Thread" daemon [_thread_blocked, id=6776, stack(0x0000000016be0000,0x0000000016ce0000)]
  0x0000000014f8b000 JavaThread "C1 CompilerThread2" daemon [_thread_blocked, id=8208, stack(0x00000000166e0000,0x00000000167e0000)]
  0x0000000014f84800 JavaThread "C2 CompilerThread1" daemon [_thread_blocked, id=5604, stack(0x00000000165e0000,0x00000000166e0000)]
  0x0000000014f7f000 JavaThread "C2 CompilerThread0" daemon [_thread_blocked, id=5596, stack(0x00000000164e0000,0x00000000165e0000)]
  0x0000000014f7d800 JavaThread "Attach Listener" daemon [_thread_blocked, id=5624, stack(0x00000000163e0000,0x00000000164e0000)]
  0x0000000014f7c000 JavaThread "Signal Dispatcher" daemon [_thread_blocked, id=5616, stack(0x00000000162e0000,0x00000000163e0000)]
  0x0000000002818800 JavaThread "Finalizer" daemon [_thread_blocked, id=6684, stack(0x00000000161e0000,0x00000000162e0000)]
  0x000000000280f000 JavaThread "Reference Handler" daemon [_thread_blocked, id=7636, stack(0x00000000160e0000,0x00000000161e0000)]
=>0x0000000002a9e000 JavaThread "main" [_thread_in_vm, id=7908, stack(0x0000000000ee0000,0x0000000000fe0000)]

Other Threads:
  0x0000000014f47800 VMThread [stack: 0x0000000015fe0000,0x00000000160e0000] [id=7960]
  0x000000001680d000 WatcherThread [stack: 0x0000000016ce0000,0x0000000016de0000] [id=5096]

VM state:not at safepoint (normal execution)

VM Mutex/Monitor currently owned by a thread: None

Heap:
 PSYoungGen      total 18944K, used 13355K [0x00000000eb000000, 0x00000000ec500000, 0x0000000100000000)
  eden space 16384K, 81% used [0x00000000eb000000,0x00000000ebd0ace8,0x00000000ec000000)
  from space 2560K, 0% used [0x00000000ec280000,0x00000000ec280000,0x00000000ec500000)
  to   space 2560K, 0% used [0x00000000ec000000,0x00000000ec000000,0x00000000ec280000)
 ParOldGen       total 44032K, used 0K [0x00000000c1000000, 0x00000000c3b00000, 0x00000000eb000000)
  object space 44032K, 0% used [0x00000000c1000000,0x00000000c1000000,0x00000000c3b00000)
 Metaspace       used 13341K, capacity 13596K, committed 13952K, reserved 1060864K
  class space    used 1511K, capacity 1571K, committed 1664K, reserved 1048576K

Card table byte_map: [0x0000000011e60000,0x0000000012060000] byte_map_base: 0x0000000011858000

Marking Bits: (ParMarkBitMap*) 0x00000000691d4040
 Begin Bits: [0x0000000012460000, 0x0000000013420000)
 End Bits:   [0x0000000013420000, 0x00000000143e0000)

Polling page: 0x0000000000ad0000

CodeCache: size=245760Kb used=2730Kb max_used=2742Kb free=243029Kb
 bounds [0x0000000002aa0000, 0x0000000002d50000, 0x0000000011aa0000]
 total_blobs=1226 nmethods=717 adapters=422
 compilation: enabled

Compilation events (10 events):
Event: 10.894 Thread 0x0000000014f8b000  713       3       java.io.BufferedWriter::ensureOpen (18 bytes)
Event: 10.894 Thread 0x0000000014f7f000  716       4       java.lang.AbstractStringBuilder::append (50 bytes)
Event: 10.894 Thread 0x0000000014f8b000 nmethod 713 0x0000000002d48a90 code [0x0000000002d48c00, 0x0000000002d48e48]
Event: 10.894 Thread 0x0000000014f8b000  714       3       java.io.PrintStream::ensureOpen (18 bytes)
Event: 10.894 Thread 0x0000000014f8b000 nmethod 714 0x0000000002d48610 code [0x0000000002d48780, 0x0000000002d489c8]
Event: 10.894 Thread 0x0000000014f8b000  715       3       java.nio.Buffer::<init> (121 bytes)
Event: 10.895 Thread 0x0000000014f8b000 nmethod 715 0x0000000002d4a390 code [0x0000000002d4a660, 0x0000000002d4bae8]
Event: 10.895 Thread 0x0000000014f8b000  717       3       java.nio.Buffer::remaining (10 bytes)
Event: 10.895 Thread 0x0000000014f8b000 nmethod 717 0x0000000002d48310 code [0x0000000002d48460, 0x0000000002d485b0]
Event: 10.900 Thread 0x0000000014f7f000 nmethod 716 0x0000000002d4df50 code [0x0000000002d4e0a0, 0x0000000002d4e488]

GC Heap History (0 events):
No events

Deoptimization events (0 events):
No events

Internal exceptions (10 events):
Event: 0.254 Thread 0x0000000002a9e000 Exception <a 'java/security/PrivilegedActionException'> (0x00000000eb2cf628) thrown at [C:\re\workspace\8-2-build-windows-amd64-cygwin\jdk8u45\3457\hotspot\src\share\vm\prims\jvm.cpp, line 1382]
Event: 0.254 Thread 0x0000000002a9e000 Exception <a 'java/security/PrivilegedActionException'> (0x00000000eb2cf970) thrown at [C:\re\workspace\8-2-build-windows-amd64-cygwin\jdk8u45\3457\hotspot\src\share\vm\prims\jvm.cpp, line 1382]
Event: 5.837 Thread 0x0000000002a9e000 Exception <a 'java/lang/NoSuchFieldError': method resolution failed> (0x00000000eb44a4c0) thrown at [C:\re\workspace\8-2-build-windows-amd64-cygwin\jdk8u45\3457\hotspot\src\share\vm\prims\methodHandles.cpp, line 1125]
Event: 5.839 Thread 0x0000000002a9e000 Exception <a 'java/lang/NoSuchFieldError': method resolution failed> (0x00000000eb458cc8) thrown at [C:\re\workspace\8-2-build-windows-amd64-cygwin\jdk8u45\3457\hotspot\src\share\vm\prims\methodHandles.cpp, line 1125]
Event: 7.068 Thread 0x0000000002a9e000 Exception <a 'java/net/ConnectException': Connection refused: connect> (0x00000000eb97bec0) thrown at [C:\re\workspace\8-2-build-windows-amd64-cygwin\jdk8u45\3457\hotspot\src\share\vm\prims\jni.cpp, line 735]
Event: 8.069 Thread 0x0000000002a9e000 Exception <a 'java/net/ConnectException': Connection refused: connect> (0x00000000eb97c7d0) thrown at [C:\re\workspace\8-2-build-windows-amd64-cygwin\jdk8u45\3457\hotspot\src\share\vm\prims\jni.cpp, line 735]
Event: 8.168 Thread 0x0000000002a9e000 Exception <a 'java/io/FileNotFoundException'> (0x00000000eb9de1c8) thrown at [C:\re\workspace\8-2-build-windows-amd64-cygwin\jdk8u45\3457\hotspot\src\share\vm\prims\jni.cpp, line 709]
Event: 8.594 Thread 0x0000000002a9e000 Exception <a 'java/io/FileNotFoundException'> (0x00000000ebb22738) thrown at [C:\re\workspace\8-2-build-windows-amd64-cygwin\jdk8u45\3457\hotspot\src\share\vm\prims\jni.cpp, line 709]
Event: 9.892 Thread 0x0000000002a9e000 Exception <a 'java/net/ConnectException': Connection refused: connect> (0x00000000ebc673e8) thrown at [C:\re\workspace\8-2-build-windows-amd64-cygwin\jdk8u45\3457\hotspot\src\share\vm\prims\jni.cpp, line 735]
Event: 10.893 Thread 0x0000000002a9e000 Exception <a 'java/net/ConnectException': Connection refused: connect> (0x00000000ebc67c70) thrown at [C:\re\workspace\8-2-build-windows-amd64-cygwin\jdk8u45\3457\hotspot\src\share\vm\prims\jni.cpp, line 735]

Events (10 events):
Event: 8.834 loading class java/text/AttributedString
Event: 8.834 loading class java/text/AttributedString done
Event: 8.834 loading class java/text/AttributedString$AttributedStringIterator
Event: 8.834 loading class java/text/AttributedCharacterIterator
Event: 8.834 loading class java/text/CharacterIterator
Event: 8.834 loading class java/text/CharacterIterator done
Event: 8.834 loading class java/text/AttributedCharacterIterator done
Event: 8.834 loading class java/text/AttributedString$AttributedStringIterator done
Event: 8.881 loading class db/Get
Event: 8.881 loading class db/Get done


Dynamic libraries:
0x00007ff7d5b00000 - 0x00007ff7d5b37000 	C:\Program Files\Java\jdk1.8.0_45\bin\java.exe
0x00007fffc2c00000 - 0x00007fffc2dc2000 	C:\Windows\SYSTEM32\ntdll.dll
0x00007fffc02c0000 - 0x00007fffc036d000 	C:\Windows\system32\KERNEL32.DLL
0x00007fffc00e0000 - 0x00007fffc02bd000 	C:\Windows\system32\KERNELBASE.dll
0x00007fffc0ac0000 - 0x00007fffc0b66000 	C:\Windows\system32\ADVAPI32.dll
0x00007fffc0a20000 - 0x00007fffc0abd000 	C:\Windows\system32\msvcrt.dll
0x00007fffc0490000 - 0x00007fffc04eb000 	C:\Windows\system32\sechost.dll
0x00007fffc2910000 - 0x00007fffc2a36000 	C:\Windows\system32\RPCRT4.dll
0x00007fffc08d0000 - 0x00007fffc0a1e000 	C:\Windows\system32\USER32.dll
0x00007fffc2270000 - 0x00007fffc23f3000 	C:\Windows\system32\GDI32.dll
0x00007fffb48e0000 - 0x00007fffb4b54000 	C:\Windows\WinSxS\amd64_microsoft.windows.common-controls_6595b64144ccf1df_6.0.10240.17184_none_f41d7a705752bce6\COMCTL32.dll
0x00007fffc0890000 - 0x00007fffc08c6000 	C:\Windows\system32\IMM32.DLL
0x00007fffc2110000 - 0x00007fffc226c000 	C:\Windows\system32\MSCTF.dll
0x00000000688f0000 - 0x00000000689c2000 	C:\Program Files\Java\jdk1.8.0_45\jre\bin\msvcr100.dll
0x00000000689d0000 - 0x0000000069253000 	C:\Program Files\Java\jdk1.8.0_45\jre\bin\server\jvm.dll
0x00007fffc2a40000 - 0x00007fffc2a48000 	C:\Windows\system32\PSAPI.DLL
0x00007fffbd9c0000 - 0x00007fffbd9e3000 	C:\Windows\SYSTEM32\WINMM.dll
0x00007fffb0cd0000 - 0x00007fffb0cd9000 	C:\Windows\SYSTEM32\WSOCK32.dll
0x00007fffbc9a0000 - 0x00007fffbc9aa000 	C:\Windows\SYSTEM32\VERSION.dll
0x00007fffc0b70000 - 0x00007fffc0bd9000 	C:\Windows\system32\WS2_32.dll
0x00007fffc0880000 - 0x00007fffc0888000 	C:\Windows\system32\NSI.dll
0x00007fffbd990000 - 0x00007fffbd9bc000 	C:\Windows\SYSTEM32\WINMMBASE.dll
0x00007fffbff70000 - 0x00007fffbffb4000 	C:\Windows\system32\cfgmgr32.dll
0x00007fffbdfa0000 - 0x00007fffbdfc7000 	C:\Windows\SYSTEM32\DEVOBJ.dll
0x0000000069980000 - 0x000000006998f000 	C:\Program Files\Java\jdk1.8.0_45\jre\bin\verify.dll
0x00000000688c0000 - 0x00000000688e9000 	C:\Program Files\Java\jdk1.8.0_45\jre\bin\java.dll
0x00000000688a0000 - 0x00000000688b6000 	C:\Program Files\Java\jdk1.8.0_45\jre\bin\zip.dll
0x00007fffc0be0000 - 0x00007fffc2103000 	C:\Windows\system32\SHELL32.dll
0x00007fffbf770000 - 0x00007fffbfd99000 	C:\Windows\system32\windows.storage.dll
0x00007fffc2630000 - 0x00007fffc28ac000 	C:\Windows\system32\combase.dll
0x00007fffc0430000 - 0x00007fffc0481000 	C:\Windows\system32\shlwapi.dll
0x00007fffbf640000 - 0x00007fffbf64f000 	C:\Windows\system32\kernel.appcore.dll
0x00007fffbffc0000 - 0x00007fffc0073000 	C:\Windows\system32\shcore.dll
0x00007fffbf670000 - 0x00007fffbf6ba000 	C:\Windows\system32\powrprof.dll
0x00007fffbf620000 - 0x00007fffbf633000 	C:\Windows\system32\profapi.dll
0x00007fffb9fd0000 - 0x00007fffb9ff6000 	C:\Program Files\DigitalPersona\U.are.U SDK\Windows\Lib\x64\dpuareu_jni.dll
0x00007fffc04f0000 - 0x00007fffc0631000 	C:\Windows\system32\ole32.dll
0x00007fffb7190000 - 0x00007fffb7204000 	C:\Windows\SYSTEM32\dpfj.dll
0x00007fffc2560000 - 0x00007fffc2622000 	C:\Windows\system32\OLEAUT32.dll
0x00007fffbf470000 - 0x00007fffbf4db000 	C:\Windows\SYSTEM32\bcryptPrimitives.dll
0x00007fffb6da0000 - 0x00007fffb6dcb000 	C:\Windows\SYSTEM32\dpfpdd.dll
0x00007fffbc200000 - 0x00007fffbc290000 	C:\Windows\SYSTEM32\DPFPApi.DLL
0x00007fffbfda0000 - 0x00007fffbff61000 	C:\Windows\system32\CRYPT32.dll
0x00007fffbf650000 - 0x00007fffbf661000 	C:\Windows\system32\MSASN1.dll
0x00007fffbec30000 - 0x00007fffbec4f000 	C:\Windows\SYSTEM32\USERENV.dll
0x00007fffbc070000 - 0x00007fffbc0bc000 	C:\Windows\system32\DPCLBACK.dll
0x00007fffbc5d0000 - 0x00007fffbc5e7000 	C:\Windows\SYSTEM32\NETAPI32.dll
0x00007fffbc5b0000 - 0x00007fffbc5c6000 	C:\Windows\SYSTEM32\wkscli.dll
0x00007fffbe8d0000 - 0x00007fffbe8f6000 	C:\Windows\SYSTEM32\srvcli.dll
0x00007fffbe900000 - 0x00007fffbe90c000 	C:\Windows\SYSTEM32\netutils.dll
0x00007fffbf160000 - 0x00007fffbf188000 	C:\Windows\SYSTEM32\bcrypt.dll
0x00007fffbe9c0000 - 0x00007fffbe9f2000 	C:\Windows\SYSTEM32\ntmarta.dll
0x00007fffbeef0000 - 0x00007fffbef07000 	C:\Windows\SYSTEM32\CRYPTSP.dll
0x00007fffbeb40000 - 0x00007fffbeb73000 	C:\Windows\system32\rsaenh.dll
0x00007fffbf060000 - 0x00007fffbf06b000 	C:\Windows\SYSTEM32\CRYPTBASE.dll
0x0000000068880000 - 0x000000006889a000 	C:\Program Files\Java\jdk1.8.0_45\jre\bin\net.dll
0x00007fffbee90000 - 0x00007fffbeeed000 	C:\Windows\system32\mswsock.dll
0x00007fffbec50000 - 0x00007fffbecf8000 	C:\Windows\SYSTEM32\DNSAPI.dll
0x0000000069cf0000 - 0x0000000069d16000 	C:\Program Files\Bonjour\mdnsNSP.dll
0x00007fffbc900000 - 0x00007fffbc938000 	C:\Windows\SYSTEM32\Iphlpapi.DLL
0x00007fffbc7e0000 - 0x00007fffbc7eb000 	C:\Windows\SYSTEM32\WINNSI.DLL
0x00007fffb2390000 - 0x00007fffb239a000 	C:\Windows\System32\rasadhlp.dll
0x00007fffb50c0000 - 0x00007fffb5128000 	C:\Windows\System32\fwpuclnt.dll
0x00000000686c0000 - 0x0000000068858000 	C:\Program Files\Java\jdk1.8.0_45\jre\bin\awt.dll
0x00007fffbdc70000 - 0x00007fffbdce8000 	C:\Windows\system32\apphelp.dll
0x00007fffbde50000 - 0x00007fffbdee6000 	C:\Windows\system32\uxtheme.dll
0x00007fffbb9a0000 - 0x00007fffbb9c2000 	C:\Windows\system32\dwmapi.dll
0x0000000068670000 - 0x00000000686b7000 	C:\Program Files\Java\jdk1.8.0_45\jre\bin\fontmanager.dll
0x00007fffabe40000 - 0x00007fffabfca000 	C:\Windows\SYSTEM32\dbghelp.dll

VM Arguments:
jvm_args: -Dfile.encoding=UTF-8 -Djava.library.path=C:\Program Files\DigitalPersona\U.are.U SDK\Windows\Lib\x64\ 
java_command: finger.Try
java_class_path (initial): C:\Program Files\DigitalPersona\U.are.U SDK\Windows\Lib\Java\dpuareu.jar;C:\mysql-connector-java-8.0.17\mysql-connector-java-8.0.17.jar;C:\Users\NWACHUKWU\Documents\NetBeansProjects\Finger\build\classes
Launcher Type: SUN_STANDARD

Environment Variables:
JAVA_HOME=C:\Program Files\Java\jdk1.8.0_45
USERNAME=NWACHUKWU
OS=Windows_NT
PROCESSOR_IDENTIFIER=Intel64 Family 6 Model 69 Stepping 1, GenuineIntel



---------------  S Y S T E M  ---------------

OS: Windows 10.0 , 64 bit Build 10240 (10.0.10240.17113)

CPU:total 4 (2 cores per cpu, 2 threads per core) family 6 model 69 stepping 1, cmov, cx8, fxsr, mmx, sse, sse2, sse3, ssse3, sse4.1, sse4.2, popcnt, avx, avx2, aes, clmul, erms, lzcnt, ht, tsc, tscinvbit, bmi1, bmi2

Memory: 4k page, physical 4122776k(921828k free), swap 9267980k(4236940k free)

vm_info: Java HotSpot(TM) 64-Bit Server VM (25.45-b02) for windows-amd64 JRE (1.8.0_45-b14), built on Apr 10 2015 10:34:15 by "java_re" with MS VC++ 10.0 (VS2010)

time: Mon Dec 16 23:59:48 2019
elapsed time: 11 seconds (0d 0h 0m 11s)

